[0.015s] Invoking command in '/home/adwait/workspace/ros2_packages/cam_info_publisher/build/cam_info_publisher': CMAKE_PREFIX_PATH=${CMAKE_PREFIX_PATH}:/opt/ros/foxy WSLENV=ELECTRON_RUN_AS_NODE/w: /usr/bin/cmake --build /home/adwait/workspace/ros2_packages/cam_info_publisher/build/cam_info_publisher -- -j20 -l20
[0.104s] [100%] Built target cam_info_publisher
[0.111s] Invoked command in '/home/adwait/workspace/ros2_packages/cam_info_publisher/build/cam_info_publisher' returned '0': CMAKE_PREFIX_PATH=${CMAKE_PREFIX_PATH}:/opt/ros/foxy WSLENV=ELECTRON_RUN_AS_NODE/w: /usr/bin/cmake --build /home/adwait/workspace/ros2_packages/cam_info_publisher/build/cam_info_publisher -- -j20 -l20
[0.120s] Invoking command in '/home/adwait/workspace/ros2_packages/cam_info_publisher/build/cam_info_publisher': CMAKE_PREFIX_PATH=${CMAKE_PREFIX_PATH}:/opt/ros/foxy WSLENV=ELECTRON_RUN_AS_NODE/w: /usr/bin/cmake --install /home/adwait/workspace/ros2_packages/cam_info_publisher/build/cam_info_publisher
[0.126s] -- Install configuration: ""
[0.127s] -- Up-to-date: /home/adwait/workspace/ros2_packages/cam_info_publisher/install/cam_info_publisher/lib/cam_info_publisher/cam_info_publisher
[0.127s] -- Up-to-date: /home/adwait/workspace/ros2_packages/cam_info_publisher/install/cam_info_publisher/share/cam_info_publisher/launch
[0.127s] -- Installing: /home/adwait/workspace/ros2_packages/cam_info_publisher/install/cam_info_publisher/share/cam_info_publisher/launch/cam_info_publisher.launch.py
[0.128s] -- Up-to-date: /home/adwait/workspace/ros2_packages/cam_info_publisher/install/cam_info_publisher/share/ament_index/resource_index/package_run_dependencies/cam_info_publisher
[0.128s] -- Up-to-date: /home/adwait/workspace/ros2_packages/cam_info_publisher/install/cam_info_publisher/share/ament_index/resource_index/parent_prefix_path/cam_info_publisher
[0.128s] -- Up-to-date: /home/adwait/workspace/ros2_packages/cam_info_publisher/install/cam_info_publisher/share/cam_info_publisher/environment/ament_prefix_path.sh
[0.128s] -- Up-to-date: /home/adwait/workspace/ros2_packages/cam_info_publisher/install/cam_info_publisher/share/cam_info_publisher/environment/ament_prefix_path.dsv
[0.128s] -- Up-to-date: /home/adwait/workspace/ros2_packages/cam_info_publisher/install/cam_info_publisher/share/cam_info_publisher/environment/path.sh
[0.128s] -- Up-to-date: /home/adwait/workspace/ros2_packages/cam_info_publisher/install/cam_info_publisher/share/cam_info_publisher/environment/path.dsv
[0.128s] -- Up-to-date: /home/adwait/workspace/ros2_packages/cam_info_publisher/install/cam_info_publisher/share/cam_info_publisher/local_setup.bash
[0.128s] -- Up-to-date: /home/adwait/workspace/ros2_packages/cam_info_publisher/install/cam_info_publisher/share/cam_info_publisher/local_setup.sh
[0.128s] -- Up-to-date: /home/adwait/workspace/ros2_packages/cam_info_publisher/install/cam_info_publisher/share/cam_info_publisher/local_setup.zsh
[0.128s] -- Up-to-date: /home/adwait/workspace/ros2_packages/cam_info_publisher/install/cam_info_publisher/share/cam_info_publisher/local_setup.dsv
[0.128s] -- Installing: /home/adwait/workspace/ros2_packages/cam_info_publisher/install/cam_info_publisher/share/cam_info_publisher/package.dsv
[0.128s] -- Up-to-date: /home/adwait/workspace/ros2_packages/cam_info_publisher/install/cam_info_publisher/share/ament_index/resource_index/packages/cam_info_publisher
[0.128s] -- Up-to-date: /home/adwait/workspace/ros2_packages/cam_info_publisher/install/cam_info_publisher/share/cam_info_publisher/cmake/cam_info_publisherConfig.cmake
[0.128s] -- Up-to-date: /home/adwait/workspace/ros2_packages/cam_info_publisher/install/cam_info_publisher/share/cam_info_publisher/cmake/cam_info_publisherConfig-version.cmake
[0.129s] -- Up-to-date: /home/adwait/workspace/ros2_packages/cam_info_publisher/install/cam_info_publisher/share/cam_info_publisher/package.xml
[0.130s] Invoked command in '/home/adwait/workspace/ros2_packages/cam_info_publisher/build/cam_info_publisher' returned '0': CMAKE_PREFIX_PATH=${CMAKE_PREFIX_PATH}:/opt/ros/foxy WSLENV=ELECTRON_RUN_AS_NODE/w: /usr/bin/cmake --install /home/adwait/workspace/ros2_packages/cam_info_publisher/build/cam_info_publisher
