[0.130s] DEBUG:colcon:Command line arguments: ['/usr/bin/colcon', 'build']
[0.131s] DEBUG:colcon:Parsed command line arguments: Namespace(allow_overriding=[], ament_cmake_args=None, base_paths=['.'], build_base='build', catkin_cmake_args=None, catkin_skip_building_tests=False, cmake_args=None, cmake_clean_cache=False, cmake_clean_first=False, cmake_force_configure=False, cmake_target=None, cmake_target_skip_unavailable=False, continue_on_error=False, event_handlers=None, executor='parallel', ignore_user_meta=False, install_base='install', log_base=None, log_level=None, main=<bound method BuildVerb.main of <colcon_core.verb.build.BuildVerb object at 0x7ff3eb26f280>>, merge_install=False, metas=['./colcon.meta'], packages_above=None, packages_above_and_dependencies=None, packages_above_depth=None, packages_end=None, packages_ignore=None, packages_ignore_regex=None, packages_select=None, packages_select_build_failed=False, packages_select_by_dep=None, packages_select_regex=None, packages_select_test_failures=False, packages_skip=None, packages_skip_build_finished=False, packages_skip_by_dep=None, packages_skip_regex=None, packages_skip_test_passed=False, packages_skip_up_to=None, packages_start=None, packages_up_to=None, packages_up_to_regex=None, parallel_workers=20, paths=None, symlink_install=False, test_result_base=None, verb_extension=<colcon_core.verb.build.BuildVerb object at 0x7ff3eb26f280>, verb_name='build', verb_parser=<colcon_defaults.argument_parser.defaults.DefaultArgumentsDecorator object at 0x7ff3eb26f790>)
[0.203s] Level 1:colcon.colcon_core.package_discovery:discover_packages(colcon_meta) check parameters
[0.203s] Level 1:colcon.colcon_core.package_discovery:discover_packages(recursive) check parameters
[0.203s] Level 1:colcon.colcon_core.package_discovery:discover_packages(ignore) check parameters
[0.203s] Level 1:colcon.colcon_core.package_discovery:discover_packages(path) check parameters
[0.203s] Level 1:colcon.colcon_core.package_discovery:discover_packages(colcon_meta) discover
[0.203s] Level 1:colcon.colcon_core.package_discovery:discover_packages(recursive) discover
[0.203s] INFO:colcon.colcon_core.package_discovery:Crawling recursively for packages in '/home/adwait/workspace/ros2_packages/cam_info_publisher'
[0.203s] Level 1:colcon.colcon_core.package_identification:_identify(.) by extensions ['ignore', 'ignore_ament_install']
[0.203s] Level 1:colcon.colcon_core.package_identification:_identify(.) by extension 'ignore'
[0.203s] Level 1:colcon.colcon_core.package_identification:_identify(.) by extension 'ignore_ament_install'
[0.203s] Level 1:colcon.colcon_core.package_identification:_identify(.) by extensions ['colcon_pkg']
[0.203s] Level 1:colcon.colcon_core.package_identification:_identify(.) by extension 'colcon_pkg'
[0.203s] Level 1:colcon.colcon_core.package_identification:_identify(.) by extensions ['colcon_meta']
[0.203s] Level 1:colcon.colcon_core.package_identification:_identify(.) by extension 'colcon_meta'
[0.203s] Level 1:colcon.colcon_core.package_identification:_identify(.) by extensions ['ros']
[0.203s] Level 1:colcon.colcon_core.package_identification:_identify(.) by extension 'ros'
[0.213s] DEBUG:colcon.colcon_core.package_identification:Package '.' with type 'ros.ament_cmake' and name 'cam_info_publisher'
[0.213s] Level 1:colcon.colcon_core.package_discovery:discover_packages(recursive) using defaults
[0.213s] Level 1:colcon.colcon_core.package_discovery:discover_packages(ignore) discover
[0.213s] Level 1:colcon.colcon_core.package_discovery:discover_packages(ignore) using defaults
[0.213s] Level 1:colcon.colcon_core.package_discovery:discover_packages(path) discover
[0.213s] Level 1:colcon.colcon_core.package_discovery:discover_packages(path) using defaults
[0.230s] Level 1:colcon.colcon_core.package_discovery:discover_packages(prefix_path) check parameters
[0.230s] Level 1:colcon.colcon_core.package_discovery:discover_packages(prefix_path) discover
[0.231s] WARNING:colcon.colcon_ros.prefix_path.ament:The path '/home/adwait/workspace/ros2_packages/cam_info_publisher/install/cam_info_publisher' in the environment variable AMENT_PREFIX_PATH doesn't exist
[0.231s] WARNING:colcon.colcon_ros.prefix_path.catkin:The path '/home/adwait/workspace/ros2_packages/cam_info_publisher/install/cam_info_publisher' in the environment variable CMAKE_PREFIX_PATH doesn't exist
[0.232s] DEBUG:colcon.colcon_installed_package_information.package_discovery:Found 0 installed packages in /home/adwait/workspace/ros2_packages/cam_info_publisher/install
[0.232s] DEBUG:colcon.colcon_installed_package_information.package_discovery:Found 263 installed packages in /opt/ros/foxy
[0.233s] Level 1:colcon.colcon_core.package_discovery:discover_packages(prefix_path) using defaults
[0.273s] Level 5:colcon.colcon_core.verb:set package 'cam_info_publisher' build argument 'cmake_args' from command line to 'None'
[0.273s] Level 5:colcon.colcon_core.verb:set package 'cam_info_publisher' build argument 'cmake_target' from command line to 'None'
[0.273s] Level 5:colcon.colcon_core.verb:set package 'cam_info_publisher' build argument 'cmake_target_skip_unavailable' from command line to 'False'
[0.273s] Level 5:colcon.colcon_core.verb:set package 'cam_info_publisher' build argument 'cmake_clean_cache' from command line to 'False'
[0.273s] Level 5:colcon.colcon_core.verb:set package 'cam_info_publisher' build argument 'cmake_clean_first' from command line to 'False'
[0.273s] Level 5:colcon.colcon_core.verb:set package 'cam_info_publisher' build argument 'cmake_force_configure' from command line to 'False'
[0.273s] Level 5:colcon.colcon_core.verb:set package 'cam_info_publisher' build argument 'ament_cmake_args' from command line to 'None'
[0.273s] Level 5:colcon.colcon_core.verb:set package 'cam_info_publisher' build argument 'catkin_cmake_args' from command line to 'None'
[0.273s] Level 5:colcon.colcon_core.verb:set package 'cam_info_publisher' build argument 'catkin_skip_building_tests' from command line to 'False'
[0.273s] DEBUG:colcon.colcon_core.verb:Building package 'cam_info_publisher' with the following arguments: {'ament_cmake_args': None, 'build_base': '/home/adwait/workspace/ros2_packages/cam_info_publisher/build/cam_info_publisher', 'catkin_cmake_args': None, 'catkin_skip_building_tests': False, 'cmake_args': None, 'cmake_clean_cache': False, 'cmake_clean_first': False, 'cmake_force_configure': False, 'cmake_target': None, 'cmake_target_skip_unavailable': False, 'install_base': '/home/adwait/workspace/ros2_packages/cam_info_publisher/install/cam_info_publisher', 'merge_install': False, 'path': '/home/adwait/workspace/ros2_packages/cam_info_publisher', 'symlink_install': False, 'test_result_base': None}
[0.273s] INFO:colcon.colcon_core.executor:Executing jobs using 'parallel' executor
[0.274s] DEBUG:colcon.colcon_parallel_executor.executor.parallel:run_until_complete
[0.274s] INFO:colcon.colcon_ros.task.ament_cmake.build:Building ROS package in '/home/adwait/workspace/ros2_packages/cam_info_publisher' with build type 'ament_cmake'
[0.275s] INFO:colcon.colcon_cmake.task.cmake.build:Building CMake package in '/home/adwait/workspace/ros2_packages/cam_info_publisher'
[0.276s] INFO:colcon.colcon_core.plugin_system:Skipping extension 'colcon_core.shell.bat': Not used on non-Windows systems
[0.277s] INFO:colcon.colcon_core.shell:Skip shell extension 'powershell' for command environment: Not usable outside of PowerShell
[0.277s] DEBUG:colcon.colcon_core.shell:Skip shell extension 'dsv' for command environment
[0.286s] DEBUG:colcon.colcon_core.event_handler.log_command:Invoking command in '/home/adwait/workspace/ros2_packages/cam_info_publisher/build/cam_info_publisher': CMAKE_PREFIX_PATH=${CMAKE_PREFIX_PATH}:/opt/ros/foxy WSLENV=ELECTRON_RUN_AS_NODE/w: /usr/bin/cmake /home/adwait/workspace/ros2_packages/cam_info_publisher -DCMAKE_INSTALL_PREFIX=/home/adwait/workspace/ros2_packages/cam_info_publisher/install/cam_info_publisher
[5.236s] DEBUG:colcon.colcon_core.event_handler.log_command:Invoked command in '/home/adwait/workspace/ros2_packages/cam_info_publisher/build/cam_info_publisher' returned '0': CMAKE_PREFIX_PATH=${CMAKE_PREFIX_PATH}:/opt/ros/foxy WSLENV=ELECTRON_RUN_AS_NODE/w: /usr/bin/cmake /home/adwait/workspace/ros2_packages/cam_info_publisher -DCMAKE_INSTALL_PREFIX=/home/adwait/workspace/ros2_packages/cam_info_publisher/install/cam_info_publisher
[5.237s] DEBUG:colcon.colcon_core.event_handler.log_command:Invoking command in '/home/adwait/workspace/ros2_packages/cam_info_publisher/build/cam_info_publisher': CMAKE_PREFIX_PATH=${CMAKE_PREFIX_PATH}:/opt/ros/foxy WSLENV=ELECTRON_RUN_AS_NODE/w: /usr/bin/cmake --build /home/adwait/workspace/ros2_packages/cam_info_publisher/build/cam_info_publisher -- -j20 -l20
[9.189s] DEBUG:colcon.colcon_core.event_handler.log_command:Invoked command in '/home/adwait/workspace/ros2_packages/cam_info_publisher/build/cam_info_publisher' returned '0': CMAKE_PREFIX_PATH=${CMAKE_PREFIX_PATH}:/opt/ros/foxy WSLENV=ELECTRON_RUN_AS_NODE/w: /usr/bin/cmake --build /home/adwait/workspace/ros2_packages/cam_info_publisher/build/cam_info_publisher -- -j20 -l20
[9.195s] DEBUG:colcon.colcon_core.event_handler.log_command:Invoking command in '/home/adwait/workspace/ros2_packages/cam_info_publisher/build/cam_info_publisher': CMAKE_PREFIX_PATH=${CMAKE_PREFIX_PATH}:/opt/ros/foxy WSLENV=ELECTRON_RUN_AS_NODE/w: /usr/bin/cmake --install /home/adwait/workspace/ros2_packages/cam_info_publisher/build/cam_info_publisher
[9.205s] Level 1:colcon.colcon_core.environment:create_environment_scripts_only(cam_info_publisher)
[9.205s] DEBUG:colcon.colcon_core.event_handler.log_command:Invoked command in '/home/adwait/workspace/ros2_packages/cam_info_publisher/build/cam_info_publisher' returned '0': CMAKE_PREFIX_PATH=${CMAKE_PREFIX_PATH}:/opt/ros/foxy WSLENV=ELECTRON_RUN_AS_NODE/w: /usr/bin/cmake --install /home/adwait/workspace/ros2_packages/cam_info_publisher/build/cam_info_publisher
[9.207s] Level 1:colcon.colcon_core.environment:checking '/home/adwait/workspace/ros2_packages/cam_info_publisher/install/cam_info_publisher' for CMake module files
[9.207s] Level 1:colcon.colcon_core.environment:checking '/home/adwait/workspace/ros2_packages/cam_info_publisher/install/cam_info_publisher' for CMake config files
[9.208s] Level 1:colcon.colcon_core.shell:create_environment_hook('cam_info_publisher', 'cmake_prefix_path')
[9.208s] INFO:colcon.colcon_core.shell:Creating environment hook '/home/adwait/workspace/ros2_packages/cam_info_publisher/install/cam_info_publisher/share/cam_info_publisher/hook/cmake_prefix_path.ps1'
[9.208s] INFO:colcon.colcon_core.shell:Creating environment descriptor '/home/adwait/workspace/ros2_packages/cam_info_publisher/install/cam_info_publisher/share/cam_info_publisher/hook/cmake_prefix_path.dsv'
[9.209s] INFO:colcon.colcon_core.shell:Creating environment hook '/home/adwait/workspace/ros2_packages/cam_info_publisher/install/cam_info_publisher/share/cam_info_publisher/hook/cmake_prefix_path.sh'
[9.209s] Level 1:colcon.colcon_core.environment:checking '/home/adwait/workspace/ros2_packages/cam_info_publisher/install/cam_info_publisher/lib'
[9.209s] Level 1:colcon.colcon_core.environment:checking '/home/adwait/workspace/ros2_packages/cam_info_publisher/install/cam_info_publisher/bin'
[9.209s] Level 1:colcon.colcon_core.environment:checking '/home/adwait/workspace/ros2_packages/cam_info_publisher/install/cam_info_publisher/lib/pkgconfig/cam_info_publisher.pc'
[9.209s] Level 1:colcon.colcon_core.environment:checking '/home/adwait/workspace/ros2_packages/cam_info_publisher/install/cam_info_publisher/lib/python3.8/site-packages'
[9.210s] Level 1:colcon.colcon_core.environment:checking '/home/adwait/workspace/ros2_packages/cam_info_publisher/install/cam_info_publisher/bin'
[9.210s] INFO:colcon.colcon_core.shell:Creating package script '/home/adwait/workspace/ros2_packages/cam_info_publisher/install/cam_info_publisher/share/cam_info_publisher/package.ps1'
[9.210s] INFO:colcon.colcon_core.shell:Creating package descriptor '/home/adwait/workspace/ros2_packages/cam_info_publisher/install/cam_info_publisher/share/cam_info_publisher/package.dsv'
[9.211s] INFO:colcon.colcon_core.shell:Creating package script '/home/adwait/workspace/ros2_packages/cam_info_publisher/install/cam_info_publisher/share/cam_info_publisher/package.sh'
[9.211s] INFO:colcon.colcon_core.shell:Creating package script '/home/adwait/workspace/ros2_packages/cam_info_publisher/install/cam_info_publisher/share/cam_info_publisher/package.bash'
[9.211s] INFO:colcon.colcon_core.shell:Creating package script '/home/adwait/workspace/ros2_packages/cam_info_publisher/install/cam_info_publisher/share/cam_info_publisher/package.zsh'
[9.212s] Level 1:colcon.colcon_core.environment:create_file_with_runtime_dependencies(/home/adwait/workspace/ros2_packages/cam_info_publisher/install/cam_info_publisher/share/colcon-core/packages/cam_info_publisher)
[9.212s] Level 1:colcon.colcon_core.environment:create_environment_scripts_only(cam_info_publisher)
[9.213s] Level 1:colcon.colcon_core.environment:checking '/home/adwait/workspace/ros2_packages/cam_info_publisher/install/cam_info_publisher' for CMake module files
[9.213s] Level 1:colcon.colcon_core.environment:checking '/home/adwait/workspace/ros2_packages/cam_info_publisher/install/cam_info_publisher' for CMake config files
[9.213s] Level 1:colcon.colcon_core.shell:create_environment_hook('cam_info_publisher', 'cmake_prefix_path')
[9.213s] INFO:colcon.colcon_core.shell:Creating environment hook '/home/adwait/workspace/ros2_packages/cam_info_publisher/install/cam_info_publisher/share/cam_info_publisher/hook/cmake_prefix_path.ps1'
[9.213s] INFO:colcon.colcon_core.shell:Creating environment descriptor '/home/adwait/workspace/ros2_packages/cam_info_publisher/install/cam_info_publisher/share/cam_info_publisher/hook/cmake_prefix_path.dsv'
[9.214s] INFO:colcon.colcon_core.shell:Creating environment hook '/home/adwait/workspace/ros2_packages/cam_info_publisher/install/cam_info_publisher/share/cam_info_publisher/hook/cmake_prefix_path.sh'
[9.214s] Level 1:colcon.colcon_core.environment:checking '/home/adwait/workspace/ros2_packages/cam_info_publisher/install/cam_info_publisher/lib'
[9.214s] Level 1:colcon.colcon_core.environment:checking '/home/adwait/workspace/ros2_packages/cam_info_publisher/install/cam_info_publisher/bin'
[9.214s] Level 1:colcon.colcon_core.environment:checking '/home/adwait/workspace/ros2_packages/cam_info_publisher/install/cam_info_publisher/lib/pkgconfig/cam_info_publisher.pc'
[9.214s] Level 1:colcon.colcon_core.environment:checking '/home/adwait/workspace/ros2_packages/cam_info_publisher/install/cam_info_publisher/lib/python3.8/site-packages'
[9.214s] Level 1:colcon.colcon_core.environment:checking '/home/adwait/workspace/ros2_packages/cam_info_publisher/install/cam_info_publisher/bin'
[9.214s] INFO:colcon.colcon_core.shell:Creating package script '/home/adwait/workspace/ros2_packages/cam_info_publisher/install/cam_info_publisher/share/cam_info_publisher/package.ps1'
[9.215s] INFO:colcon.colcon_core.shell:Creating package descriptor '/home/adwait/workspace/ros2_packages/cam_info_publisher/install/cam_info_publisher/share/cam_info_publisher/package.dsv'
[9.215s] INFO:colcon.colcon_core.shell:Creating package script '/home/adwait/workspace/ros2_packages/cam_info_publisher/install/cam_info_publisher/share/cam_info_publisher/package.sh'
[9.216s] INFO:colcon.colcon_core.shell:Creating package script '/home/adwait/workspace/ros2_packages/cam_info_publisher/install/cam_info_publisher/share/cam_info_publisher/package.bash'
[9.216s] INFO:colcon.colcon_core.shell:Creating package script '/home/adwait/workspace/ros2_packages/cam_info_publisher/install/cam_info_publisher/share/cam_info_publisher/package.zsh'
[9.216s] Level 1:colcon.colcon_core.environment:create_file_with_runtime_dependencies(/home/adwait/workspace/ros2_packages/cam_info_publisher/install/cam_info_publisher/share/colcon-core/packages/cam_info_publisher)
[9.216s] DEBUG:colcon.colcon_parallel_executor.executor.parallel:closing loop
[9.217s] DEBUG:colcon.colcon_parallel_executor.executor.parallel:loop closed
[9.217s] DEBUG:colcon.colcon_parallel_executor.executor.parallel:run_until_complete finished with '0'
[9.217s] DEBUG:colcon.colcon_core.event_reactor:joining thread
[9.238s] INFO:colcon.colcon_core.plugin_system:Skipping extension 'colcon_notification.desktop_notification.notify_send': Could not find 'notify-send'
[9.239s] INFO:colcon.colcon_core.plugin_system:Skipping extension 'colcon_notification.desktop_notification.terminal_notifier': Not used on non-Darwin systems
[9.239s] INFO:colcon.colcon_core.plugin_system:Skipping extension 'colcon_notification.desktop_notification.win32': Not used on non-Windows systems
[9.239s] INFO:colcon.colcon_notification.desktop_notification:Sending desktop notification using 'notify2'
[9.240s] DEBUG:colcon.colcon_notification.desktop_notification.notify2:Failed to initialize notify2: org.freedesktop.DBus.Error.ServiceUnknown: The name org.freedesktop.Notifications was not provided by any .service files
[9.240s] DEBUG:colcon.colcon_core.event_reactor:joined thread
[9.240s] INFO:colcon.colcon_core.shell:Creating prefix script '/home/adwait/workspace/ros2_packages/cam_info_publisher/install/local_setup.ps1'
[9.241s] INFO:colcon.colcon_core.shell:Creating prefix util module '/home/adwait/workspace/ros2_packages/cam_info_publisher/install/_local_setup_util_ps1.py'
[9.242s] INFO:colcon.colcon_core.shell:Creating prefix chain script '/home/adwait/workspace/ros2_packages/cam_info_publisher/install/setup.ps1'
[9.242s] INFO:colcon.colcon_core.shell:Creating prefix script '/home/adwait/workspace/ros2_packages/cam_info_publisher/install/local_setup.sh'
[9.243s] INFO:colcon.colcon_core.shell:Creating prefix util module '/home/adwait/workspace/ros2_packages/cam_info_publisher/install/_local_setup_util_sh.py'
[9.243s] INFO:colcon.colcon_core.shell:Creating prefix chain script '/home/adwait/workspace/ros2_packages/cam_info_publisher/install/setup.sh'
[9.244s] INFO:colcon.colcon_core.shell:Creating prefix script '/home/adwait/workspace/ros2_packages/cam_info_publisher/install/local_setup.bash'
[9.244s] INFO:colcon.colcon_core.shell:Creating prefix chain script '/home/adwait/workspace/ros2_packages/cam_info_publisher/install/setup.bash'
[9.244s] INFO:colcon.colcon_core.shell:Creating prefix script '/home/adwait/workspace/ros2_packages/cam_info_publisher/install/local_setup.zsh'
[9.245s] INFO:colcon.colcon_core.shell:Creating prefix chain script '/home/adwait/workspace/ros2_packages/cam_info_publisher/install/setup.zsh'
