[0.009s] Invoking command in '/home/adwait/workspace/ros2_packages/cam_info_publisher/build/cam_info_publisher': CMAKE_PREFIX_PATH=${CMAKE_PREFIX_PATH}:/opt/ros/foxy WSLENV=ELECTRON_RUN_AS_NODE/w: /usr/bin/cmake /home/adwait/workspace/ros2_packages/cam_info_publisher -DCMAKE_INSTALL_PREFIX=/home/adwait/workspace/ros2_packages/cam_info_publisher/install/cam_info_publisher
[0.171s] -- The C compiler identification is GNU 9.4.0
[0.459s] -- The CXX compiler identification is GNU 9.4.0
[0.511s] -- Check for working C compiler: /usr/bin/cc
[0.579s] -- Check for working C compiler: /usr/bin/cc -- works
[0.582s] -- Detecting C compiler ABI info
[0.654s] -- Detecting C compiler ABI info - done
[0.662s] -- Detecting C compile features
[0.663s] -- Detecting C compile features - done
[0.665s] -- Check for working CXX compiler: /usr/bin/c++
[0.752s] -- Check for working CXX compiler: /usr/bin/c++ -- works
[0.753s] -- Detecting CXX compiler ABI info
[0.834s] -- Detecting CXX compiler ABI info - done
[0.838s] -- Detecting CXX compile features
[0.839s] -- Detecting CXX compile features - done
[0.850s] -- Found ament_cmake: 0.9.12 (/opt/ros/foxy/share/ament_cmake/cmake)
[0.863s] -- Found PythonInterp: /usr/bin/python3 (found suitable version "3.8.10", minimum required is "3") 
[0.863s] -- Using PYTHON_EXECUTABLE: /usr/bin/python3
[0.970s] -- Found rclcpp: 2.4.3 (/opt/ros/foxy/share/rclcpp/cmake)
[1.062s] -- Using all available rosidl_typesupport_c: rosidl_typesupport_fastrtps_c;rosidl_typesupport_introspection_c
[1.068s] -- Found rosidl_adapter: 1.3.1 (/opt/ros/foxy/share/rosidl_adapter/cmake)
[1.784s] -- Found OpenSSL: /usr/lib/x86_64-linux-gnu/libcrypto.so (found version "1.1.1f")  
[2.572s] -- Found FastRTPS: /opt/ros/foxy/include  
[4.122s] -- Using all available rosidl_typesupport_cpp: rosidl_typesupport_fastrtps_cpp;rosidl_typesupport_introspection_cpp
[4.156s] -- Found rmw_implementation_cmake: 1.0.4 (/opt/ros/foxy/share/rmw_implementation_cmake/cmake)
[4.157s] -- Using RMW implementation 'rmw_fastrtps_cpp' as default
[4.158s] -- Looking for pthread.h
[4.239s] -- Looking for pthread.h - found
[4.239s] -- Performing Test CMAKE_HAVE_LIBC_PTHREAD
[4.343s] -- Performing Test CMAKE_HAVE_LIBC_PTHREAD - Failed
[4.343s] -- Looking for pthread_create in pthreads
[4.419s] -- Looking for pthread_create in pthreads - not found
[4.419s] -- Looking for pthread_create in pthread
[4.489s] -- Looking for pthread_create in pthread - found
[4.489s] -- Found Threads: TRUE  
[4.580s] -- Found sensor_msgs: 2.0.5 (/opt/ros/foxy/share/sensor_msgs/cmake)
[4.649s] -- Found cv_bridge: 3.0.7 (/opt/ros/foxy/share/cv_bridge/cmake)
[4.666s] -- Found image_transport: 2.4.0 (/opt/ros/foxy/share/image_transport/cmake)
[5.537s] -- Configuring done
[5.548s] -- Generating done
[5.554s] -- Build files have been written to: /home/adwait/workspace/ros2_packages/cam_info_publisher/build/cam_info_publisher
[5.561s] Invoked command in '/home/adwait/workspace/ros2_packages/cam_info_publisher/build/cam_info_publisher' returned '0': CMAKE_PREFIX_PATH=${CMAKE_PREFIX_PATH}:/opt/ros/foxy WSLENV=ELECTRON_RUN_AS_NODE/w: /usr/bin/cmake /home/adwait/workspace/ros2_packages/cam_info_publisher -DCMAKE_INSTALL_PREFIX=/home/adwait/workspace/ros2_packages/cam_info_publisher/install/cam_info_publisher
[5.563s] Invoking command in '/home/adwait/workspace/ros2_packages/cam_info_publisher/build/cam_info_publisher': CMAKE_PREFIX_PATH=${CMAKE_PREFIX_PATH}:/opt/ros/foxy WSLENV=ELECTRON_RUN_AS_NODE/w: /usr/bin/cmake --build /home/adwait/workspace/ros2_packages/cam_info_publisher/build/cam_info_publisher -- -j20 -l20
[5.585s] [35m[1mScanning dependencies of target cam_info_publisher[0m
[5.704s] [ 50%] [32mBuilding CXX object CMakeFiles/cam_info_publisher.dir/src/cam_info_publisher.cpp.o[0m
[9.129s] [100%] [32m[1mLinking CXX executable cam_info_publisher[0m
[9.351s] [100%] Built target cam_info_publisher
[9.358s] Invoked command in '/home/adwait/workspace/ros2_packages/cam_info_publisher/build/cam_info_publisher' returned '0': CMAKE_PREFIX_PATH=${CMAKE_PREFIX_PATH}:/opt/ros/foxy WSLENV=ELECTRON_RUN_AS_NODE/w: /usr/bin/cmake --build /home/adwait/workspace/ros2_packages/cam_info_publisher/build/cam_info_publisher -- -j20 -l20
[9.366s] Invoking command in '/home/adwait/workspace/ros2_packages/cam_info_publisher/build/cam_info_publisher': CMAKE_PREFIX_PATH=${CMAKE_PREFIX_PATH}:/opt/ros/foxy WSLENV=ELECTRON_RUN_AS_NODE/w: /usr/bin/cmake --install /home/adwait/workspace/ros2_packages/cam_info_publisher/build/cam_info_publisher
[9.370s] -- Install configuration: ""
[9.371s] -- Installing: /home/adwait/workspace/ros2_packages/cam_info_publisher/install/cam_info_publisher/lib/cam_info_publisher/cam_info_publisher
[9.372s] -- Set runtime path of "/home/adwait/workspace/ros2_packages/cam_info_publisher/install/cam_info_publisher/lib/cam_info_publisher/cam_info_publisher" to ""
[9.372s] -- Installing: /home/adwait/workspace/ros2_packages/cam_info_publisher/install/cam_info_publisher/share/cam_info_publisher/launch
[9.373s] -- Installing: /home/adwait/workspace/ros2_packages/cam_info_publisher/install/cam_info_publisher/share/cam_info_publisher/launch/cam_info_publisher.launch.py
[9.374s] -- Installing: /home/adwait/workspace/ros2_packages/cam_info_publisher/install/cam_info_publisher/share/ament_index/resource_index/package_run_dependencies/cam_info_publisher
[9.374s] -- Installing: /home/adwait/workspace/ros2_packages/cam_info_publisher/install/cam_info_publisher/share/ament_index/resource_index/parent_prefix_path/cam_info_publisher
[9.374s] -- Installing: /home/adwait/workspace/ros2_packages/cam_info_publisher/install/cam_info_publisher/share/cam_info_publisher/environment/ament_prefix_path.sh
[9.374s] -- Installing: /home/adwait/workspace/ros2_packages/cam_info_publisher/install/cam_info_publisher/share/cam_info_publisher/environment/ament_prefix_path.dsv
[9.374s] -- Installing: /home/adwait/workspace/ros2_packages/cam_info_publisher/install/cam_info_publisher/share/cam_info_publisher/environment/path.sh
[9.375s] -- Installing: /home/adwait/workspace/ros2_packages/cam_info_publisher/install/cam_info_publisher/share/cam_info_publisher/environment/path.dsv
[9.375s] -- Installing: /home/adwait/workspace/ros2_packages/cam_info_publisher/install/cam_info_publisher/share/cam_info_publisher/local_setup.bash
[9.375s] -- Installing: /home/adwait/workspace/ros2_packages/cam_info_publisher/install/cam_info_publisher/share/cam_info_publisher/local_setup.sh
[9.375s] -- Installing: /home/adwait/workspace/ros2_packages/cam_info_publisher/install/cam_info_publisher/share/cam_info_publisher/local_setup.zsh
[9.375s] -- Installing: /home/adwait/workspace/ros2_packages/cam_info_publisher/install/cam_info_publisher/share/cam_info_publisher/local_setup.dsv
[9.375s] -- Installing: /home/adwait/workspace/ros2_packages/cam_info_publisher/install/cam_info_publisher/share/cam_info_publisher/package.dsv
[9.375s] -- Installing: /home/adwait/workspace/ros2_packages/cam_info_publisher/install/cam_info_publisher/share/ament_index/resource_index/packages/cam_info_publisher
[9.376s] -- Installing: /home/adwait/workspace/ros2_packages/cam_info_publisher/install/cam_info_publisher/share/cam_info_publisher/cmake/cam_info_publisherConfig.cmake
[9.376s] -- Installing: /home/adwait/workspace/ros2_packages/cam_info_publisher/install/cam_info_publisher/share/cam_info_publisher/cmake/cam_info_publisherConfig-version.cmake
[9.376s] -- Installing: /home/adwait/workspace/ros2_packages/cam_info_publisher/install/cam_info_publisher/share/cam_info_publisher/package.xml
[9.377s] Invoked command in '/home/adwait/workspace/ros2_packages/cam_info_publisher/build/cam_info_publisher' returned '0': CMAKE_PREFIX_PATH=${CMAKE_PREFIX_PATH}:/opt/ros/foxy WSLENV=ELECTRON_RUN_AS_NODE/w: /usr/bin/cmake --install /home/adwait/workspace/ros2_packages/cam_info_publisher/build/cam_info_publisher
