[0.012s] Invoking command in '/home/adwait/workspace/ros2_packages/cam_info_publisher/build/cam_info_publisher': CMAKE_PREFIX_PATH=${CMAKE_PREFIX_PATH}:/opt/ros/foxy /usr/bin/cmake /home/adwait/workspace/ros2_packages/cam_info_publisher -DCMAKE_INSTALL_PREFIX=/home/adwait/workspace/ros2_packages/cam_info_publisher/install/cam_info_publisher
[0.199s] -- The C compiler identification is GNU 9.4.0
[0.479s] -- The CXX compiler identification is GNU 9.4.0
[0.558s] -- Check for working C compiler: /usr/bin/cc
[0.648s] -- Check for working C compiler: /usr/bin/cc -- works
[0.650s] -- Detecting C compiler ABI info
[0.726s] -- Detecting C compiler ABI info - done
[0.734s] -- Detecting C compile features
[0.735s] -- Detecting C compile features - done
[0.738s] -- Check for working CXX compiler: /usr/bin/c++
[0.856s] -- Check for working CXX compiler: /usr/bin/c++ -- works
[0.857s] -- Detecting CXX compiler ABI info
[0.990s] -- Detecting CXX compiler ABI info - done
[0.996s] -- Detecting CXX compile features
[0.996s] -- Detecting CXX compile features - done
[1.016s] -- Found ament_cmake: 0.9.12 (/opt/ros/foxy/share/ament_cmake/cmake)
[1.045s] -- Found PythonInterp: /usr/bin/python3 (found suitable version "3.8.10", minimum required is "3") 
[1.046s] -- Using PYTHON_EXECUTABLE: /usr/bin/python3
[1.180s] -- Found rclcpp: 2.4.3 (/opt/ros/foxy/share/rclcpp/cmake)
[1.344s] -- Using all available rosidl_typesupport_c: rosidl_typesupport_fastrtps_c;rosidl_typesupport_introspection_c
[1.355s] -- Found rosidl_adapter: 1.3.1 (/opt/ros/foxy/share/rosidl_adapter/cmake)
[2.155s] -- Found OpenSSL: /usr/lib/x86_64-linux-gnu/libcrypto.so (found version "1.1.1f")  
[2.905s] -- Found FastRTPS: /opt/ros/foxy/include  
[4.273s] -- Using all available rosidl_typesupport_cpp: rosidl_typesupport_fastrtps_cpp;rosidl_typesupport_introspection_cpp
[4.335s] -- Found rmw_implementation_cmake: 1.0.4 (/opt/ros/foxy/share/rmw_implementation_cmake/cmake)
[4.338s] -- Using RMW implementation 'rmw_fastrtps_cpp' as default
[4.340s] -- Looking for pthread.h
[4.413s] -- Looking for pthread.h - found
[4.413s] -- Performing Test CMAKE_HAVE_LIBC_PTHREAD
[4.492s] -- Performing Test CMAKE_HAVE_LIBC_PTHREAD - Failed
[4.492s] -- Looking for pthread_create in pthreads
[4.603s] -- Looking for pthread_create in pthreads - not found
[4.603s] -- Looking for pthread_create in pthread
[4.724s] -- Looking for pthread_create in pthread - found
[4.724s] -- Found Threads: TRUE  
[4.859s] -- Found sensor_msgs: 2.0.5 (/opt/ros/foxy/share/sensor_msgs/cmake)
[4.945s] -- Found cv_bridge: 3.0.7 (/opt/ros/foxy/share/cv_bridge/cmake)
[4.968s] -- Found image_transport: 2.4.0 (/opt/ros/foxy/share/image_transport/cmake)
[5.622s] -- Found rosidl_default_generators: 1.0.1 (/opt/ros/foxy/share/rosidl_default_generators/cmake)
[5.701s] -- Configuring done
[5.723s] -- Generating done
[5.733s] -- Build files have been written to: /home/adwait/workspace/ros2_packages/cam_info_publisher/build/cam_info_publisher
[5.740s] Invoked command in '/home/adwait/workspace/ros2_packages/cam_info_publisher/build/cam_info_publisher' returned '0': CMAKE_PREFIX_PATH=${CMAKE_PREFIX_PATH}:/opt/ros/foxy /usr/bin/cmake /home/adwait/workspace/ros2_packages/cam_info_publisher -DCMAKE_INSTALL_PREFIX=/home/adwait/workspace/ros2_packages/cam_info_publisher/install/cam_info_publisher
[5.742s] Invoking command in '/home/adwait/workspace/ros2_packages/cam_info_publisher/build/cam_info_publisher': CMAKE_PREFIX_PATH=${CMAKE_PREFIX_PATH}:/opt/ros/foxy /usr/bin/cmake --build /home/adwait/workspace/ros2_packages/cam_info_publisher/build/cam_info_publisher -- -j20 -l20
[5.766s] [35m[1mScanning dependencies of target generate_test_publisher[0m
[5.766s] [35m[1mScanning dependencies of target cam_info_publisher[0m
[5.773s] [ 16%] [34m[1mGenerating test_publisher.cpp with content[0m
[5.828s] [ 33%] [32mBuilding CXX object CMakeFiles/cam_info_publisher.dir/src/cam_info_publisher.cpp.o[0m
[5.887s] [ 33%] Built target generate_test_publisher
[5.894s] [35m[1mScanning dependencies of target test_publisher[0m
[5.925s] [ 50%] [32mBuilding CXX object CMakeFiles/test_publisher.dir/test_publisher.cpp.o[0m
[7.770s] [ 66%] [32m[1mLinking CXX executable test_publisher[0m
[8.190s] [ 83%] Built target test_publisher
[9.596s] [100%] [32m[1mLinking CXX executable cam_info_publisher[0m
[9.823s] [100%] Built target cam_info_publisher
[9.831s] Invoked command in '/home/adwait/workspace/ros2_packages/cam_info_publisher/build/cam_info_publisher' returned '0': CMAKE_PREFIX_PATH=${CMAKE_PREFIX_PATH}:/opt/ros/foxy /usr/bin/cmake --build /home/adwait/workspace/ros2_packages/cam_info_publisher/build/cam_info_publisher -- -j20 -l20
[9.839s] Invoking command in '/home/adwait/workspace/ros2_packages/cam_info_publisher/build/cam_info_publisher': CMAKE_PREFIX_PATH=${CMAKE_PREFIX_PATH}:/opt/ros/foxy /usr/bin/cmake --install /home/adwait/workspace/ros2_packages/cam_info_publisher/build/cam_info_publisher
[9.844s] -- Install configuration: ""
[9.844s] -- Installing: /home/adwait/workspace/ros2_packages/cam_info_publisher/install/cam_info_publisher/lib/cam_info_publisher/cam_info_publisher
[9.846s] -- Set runtime path of "/home/adwait/workspace/ros2_packages/cam_info_publisher/install/cam_info_publisher/lib/cam_info_publisher/cam_info_publisher" to ""
[9.846s] -- Installing: /home/adwait/workspace/ros2_packages/cam_info_publisher/install/cam_info_publisher/lib/cam_info_publisher/test_publisher
[9.847s] -- Set runtime path of "/home/adwait/workspace/ros2_packages/cam_info_publisher/install/cam_info_publisher/lib/cam_info_publisher/test_publisher" to ""
[9.847s] -- Installing: /home/adwait/workspace/ros2_packages/cam_info_publisher/install/cam_info_publisher/share/cam_info_publisher/launch
[9.847s] -- Installing: /home/adwait/workspace/ros2_packages/cam_info_publisher/install/cam_info_publisher/share/cam_info_publisher/launch/cam_info_publisher.launch.py
[9.848s] -- Installing: /home/adwait/workspace/ros2_packages/cam_info_publisher/install/cam_info_publisher/share/ament_index/resource_index/package_run_dependencies/cam_info_publisher
[9.854s] -- Installing: /home/adwait/workspace/ros2_packages/cam_info_publisher/install/cam_info_publisher/share/ament_index/resource_index/parent_prefix_path/cam_info_publisher
[9.855s] -- Installing: /home/adwait/workspace/ros2_packages/cam_info_publisher/install/cam_info_publisher/share/cam_info_publisher/environment/ament_prefix_path.sh
[9.855s] -- Installing: /home/adwait/workspace/ros2_packages/cam_info_publisher/install/cam_info_publisher/share/cam_info_publisher/environment/ament_prefix_path.dsv
[9.855s] -- Installing: /home/adwait/workspace/ros2_packages/cam_info_publisher/install/cam_info_publisher/share/cam_info_publisher/environment/path.sh
[9.855s] -- Installing: /home/adwait/workspace/ros2_packages/cam_info_publisher/install/cam_info_publisher/share/cam_info_publisher/environment/path.dsv
[9.855s] -- Installing: /home/adwait/workspace/ros2_packages/cam_info_publisher/install/cam_info_publisher/share/cam_info_publisher/local_setup.bash
[9.855s] -- Installing: /home/adwait/workspace/ros2_packages/cam_info_publisher/install/cam_info_publisher/share/cam_info_publisher/local_setup.sh
[9.855s] -- Installing: /home/adwait/workspace/ros2_packages/cam_info_publisher/install/cam_info_publisher/share/cam_info_publisher/local_setup.zsh
[9.855s] -- Installing: /home/adwait/workspace/ros2_packages/cam_info_publisher/install/cam_info_publisher/share/cam_info_publisher/local_setup.dsv
[9.855s] -- Installing: /home/adwait/workspace/ros2_packages/cam_info_publisher/install/cam_info_publisher/share/cam_info_publisher/package.dsv
[9.855s] -- Installing: /home/adwait/workspace/ros2_packages/cam_info_publisher/install/cam_info_publisher/share/ament_index/resource_index/packages/cam_info_publisher
[9.855s] -- Installing: /home/adwait/workspace/ros2_packages/cam_info_publisher/install/cam_info_publisher/share/cam_info_publisher/cmake/cam_info_publisherConfig.cmake
[9.855s] -- Installing: /home/adwait/workspace/ros2_packages/cam_info_publisher/install/cam_info_publisher/share/cam_info_publisher/cmake/cam_info_publisherConfig-version.cmake
[9.855s] -- Installing: /home/adwait/workspace/ros2_packages/cam_info_publisher/install/cam_info_publisher/share/cam_info_publisher/package.xml
[9.855s] Invoked command in '/home/adwait/workspace/ros2_packages/cam_info_publisher/build/cam_info_publisher' returned '0': CMAKE_PREFIX_PATH=${CMAKE_PREFIX_PATH}:/opt/ros/foxy /usr/bin/cmake --install /home/adwait/workspace/ros2_packages/cam_info_publisher/build/cam_info_publisher
